<?xml version="1.0" encoding="UTF-8"?>
<!-- Generated by org.testng.reporters.JUnitXMLReporter -->
<testsuite ignored="0" hostname="CIPLWKT014" failures="0" tests="4" name="Test 11" time="220.665" errors="0" timestamp="2025-01-09T15:18:31 IST">
  <testcase classname="Computhink.Script.SecureLink" name="Login" time="34.459"/>
  <testcase classname="Computhink.Script.SecureLink" name="TC_1_DocumentSendToSecureLink" time="81.078"/>
  <testcase classname="Computhink.Script.SecureLink" name="TC_2_SecureLinkFromSearchTab" time="52.399"/>
  <testcase classname="Computhink.Script.SecureLink" name="TC_3_SecureLinkFromDocumentList" time="39.637"/>
</testsuite> <!-- Test 11 -->
