<?xml version="1.0" encoding="UTF-8"?>
<!-- Generated by org.testng.reporters.JUnitXMLReporter -->
<testsuite ignored="0" hostname="CIPLWKT014" failures="0" tests="3" name="Test14" time="2772.15" errors="0" timestamp="2025-01-06T21:00:39 IST">
  <testcase classname="Computhink.Script.My_Preferences_DateFormat" name="TC_01_Verify_DateFormat_YYYY_MM_DD" time="365.931">
    <skipped/>
  </testcase> <!-- TC_01_Verify_DateFormat_YYYY_MM_DD -->
  <testcase classname="Computhink.Script.My_Preferences_DateFormat" name="TC_01_Verify_DateFormat_YYYY_MM_DD" time="602.064">
    <skipped/>
  </testcase> <!-- TC_01_Verify_DateFormat_YYYY_MM_DD -->
  <testcase classname="Computhink.Script.My_Preferences_DateFormat" name="TC_01_Verify_DateFormat_YYYY_MM_DD" time="602.059">
    <skipped/>
  </testcase> <!-- TC_01_Verify_DateFormat_YYYY_MM_DD -->
</testsuite> <!-- Test14 -->
