<?xml version="1.0" encoding="UTF-8"?>
<!-- Generated by org.testng.reporters.JUnitXMLReporter -->
<testsuite ignored="0" hostname="CIPLWKT014" failures="0" tests="7" name="Test4" time="1258.808" errors="0" timestamp="2025-01-06T17:51:14 IST">
  <testcase classname="Computhink.Script.Negative_Templates" name="TC_01_Login_Template_permissionassign_User_and_verify_message_Select_Folder_ToCreateDoc" time="122.093"/>
  <testcase classname="Computhink.Script.Negative_Templates" name="TC_02_verify_message_addPages_Using_SaveandClearButton" time="63.907"/>
  <testcase classname="Computhink.Script.Negative_Templates" name="TC_03_Verify_TextboxName_and_Templatename_validation" time="149.875"/>
  <testcase classname="Computhink.Script.Negative_Templates" name="TC_04_Verify_validation_Duplicate_Template_Created" time="405.559"/>
  <testcase classname="Computhink.Script.Negative_Templates" name="TC_05_verify_to_CreateorBrowse_Template_Advancedviewing_Officedoc" time="320.487"/>
  <testcase classname="Computhink.Script.Negative_Templates" name="TC_06_verify_Validation_Formmapping_PDFTemplate_Advancedviewing" time="152.803"/>
  <testcase classname="Computhink.Script.Negative_Templates" name="TC_07_Set_Defaultview" time="44.069"/>
</testsuite> <!-- Test4 -->
