<?xml version="1.0" encoding="UTF-8"?>
<!-- Generated by org.testng.reporters.JUnitXMLReporter -->
<testsuite ignored="0" hostname="CIPLWKT014" failures="0" tests="7" name="Test8" time="213.498" errors="0" timestamp="2025-01-06T19:00:12 IST">
  <testcase classname="Computhink.Script.Negative_CustomColumns" name="TC_01_Verify_Default_Custom_Columns_RoomLevel" time="57.861"/>
  <testcase classname="Computhink.Script.Negative_CustomColumns" name="TC_02_Verify_CrossCancelButton_RoomCustomColumns" time="9.072"/>
  <testcase classname="Computhink.Script.Negative_CustomColumns" name="TC_03_Verify_CancelButton_RoomCustomColumns" time="10.279"/>
  <testcase classname="Computhink.Script.Negative_CustomColumns" name="TC_04_Verify_CrossCancelButton_SearchCustomColumns" time="32.643"/>
  <testcase classname="Computhink.Script.Negative_CustomColumns" name="TC_05_Verify_CancelButton_SearchCustomColumns" time="32.494"/>
  <testcase classname="Computhink.Script.Negative_CustomColumns" name="TC_06_Verify_CrossCancelButton_TODOCustomColumns" time="27.467"/>
  <testcase classname="Computhink.Script.Negative_CustomColumns" name="TC_07_Verify_CancelButton_TODOCustomColumns" time="43.672"/>
</testsuite> <!-- Test8 -->
