<?xml version="1.0" encoding="UTF-8"?>
<!-- Generated by org.testng.reporters.JUnitXMLReporter -->
<testsuite ignored="0" hostname="CIPLWKT014" failures="0" tests="14" name="Test7" time="910.061" errors="0" timestamp="2025-01-06T18:56:38 IST">
  <testcase classname="Computhink.Script.Custom_Columns_Test" name="TC_01_Verify_Open_Custom_List_Dialog_Title" time="67.114"/>
  <testcase classname="Computhink.Script.Custom_Columns_Test" name="TC_02_Verify_Text_of_Custom_List_Dialog" time="54.164"/>
  <testcase classname="Computhink.Script.Custom_Columns_Test" name="TC_03_Set_And_Verify_Custom_Columns_NodeLevel" time="123.592"/>
  <testcase classname="Computhink.Script.Custom_Columns_Test" name="TC_04_Verify_Default_Custom_Columns" time="72.158"/>
  <testcase classname="Computhink.Script.Custom_Columns_Test" name="TC_05_Verify_Cancel_Button_of_CustomList" time="19.541"/>
  <testcase classname="Computhink.Script.Custom_Columns_Test" name="TC_06_Verify_Reset_Columns_Functionality" time="20.87"/>
  <testcase classname="Computhink.Script.Custom_Columns_Test" name="TC_07_Open_Custom_List_Dialog_And_Verify_Title_Searchcolumn" time="60.212"/>
  <testcase classname="Computhink.Script.Custom_Columns_Test" name="TC_08_Verify_Text_of_Custom_List_Dialog_Searchcolumn" time="9.081"/>
  <testcase classname="Computhink.Script.Custom_Columns_Test" name="TC_9_Verify_Set_Custom_Columns_for_Search" time="163.443"/>
  <testcase classname="Computhink.Script.Custom_Columns_Test" name="TC_10_Verify_Reset_Columns_for_Search" time="39.015"/>
  <testcase classname="Computhink.Script.Custom_Columns_Test" name="TC_11_Open_Custom_List_Dialog_And_Verify_Title_ToDoList" time="63.639"/>
  <testcase classname="Computhink.Script.Custom_Columns_Test" name="TC_12_Verify_Text_of_Custom_List_Dialog_ToDoList" time="18.073"/>
  <testcase classname="Computhink.Script.Custom_Columns_Test" name="TC_13_Verify_Set_Custom_Columns_for_ToDoList" time="156.138"/>
  <testcase classname="Computhink.Script.Custom_Columns_Test" name="TC_14_Reset_Custom_Columns_for_ToDoList" time="43.002"/>
</testsuite> <!-- Test7 -->
