<?xml version="1.0" encoding="UTF-8"?>
<!-- Generated by org.testng.reporters.JUnitXMLReporter -->
<testsuite ignored="0" hostname="CIPLWKT014" failures="0" tests="11" name="Test1" time="602.274" errors="0" timestamp="2025-01-09T17:59:32 IST">
  <testcase classname="Computhink.Script.AnnotationFunctionality" name="Login" time="26.18"/>
  <testcase classname="Computhink.Script.AnnotationFunctionality" name="TC_A_DefaultView" time="24.971"/>
  <testcase classname="Computhink.Script.AnnotationFunctionality" name="TC_B_Redaction_UnlockRedaction" time="195.346"/>
  <testcase classname="Computhink.Script.AnnotationFunctionality" name="TC_C_HighLight_Annotation" time="25.922"/>
  <testcase classname="Computhink.Script.AnnotationFunctionality" name="TC_E_StikyNote_Annotation" time="41.284"/>
  <testcase classname="Computhink.Script.AnnotationFunctionality" name="TC_F_RubberStampAnnotation" time="25.878"/>
  <testcase classname="Computhink.Script.AnnotationFunctionality" name="TC_G_Rectangle_Annotation" time="38.284"/>
  <testcase classname="Computhink.Script.AnnotationFunctionality" name="TC_H_StampAnnotation" time="67.398"/>
  <testcase classname="Computhink.Script.AnnotationFunctionality" name="TC_I_LineAnnotation_Ellipse_Annotation" time="62.766"/>
  <testcase classname="Computhink.Script.AnnotationFunctionality" name="TC_J_Signature_Annotation" time="32.622"/>
  <testcase classname="Computhink.Script.AnnotationFunctionality" name="TC_K_Polygon" time="48.076"/>
</testsuite> <!-- Test1 -->
