<?xml version="1.0" encoding="UTF-8"?>
<!-- Generated by org.testng.reporters.JUnitXMLReporter -->
<testsuite ignored="0" hostname="CIPLWKT014" failures="0" tests="5" name="Test 16" time="194.646" errors="0" timestamp="2025-01-09T15:35:30 IST">
  <testcase classname="Computhink.Script.Thumbnail_MicroSoft_FabBTN" name="TC_1_ShowThumbnail" time="64.635"/>
  <testcase classname="Computhink.Script.Thumbnail_MicroSoft_FabBTN" name="TC_2_Create_document_saveDoc" time="32.809"/>
  <testcase classname="Computhink.Script.Thumbnail_MicroSoft_FabBTN" name="TC_3_Upload_Document_fabBTN" time="43.908"/>
  <testcase classname="Computhink.Script.Thumbnail_MicroSoft_FabBTN" name="TC_4_View_Document_fullScreen" time="14.067"/>
  <testcase classname="Computhink.Script.Thumbnail_MicroSoft_FabBTN" name="TC_5_View_Document_Delete" time="39.223"/>
</testsuite> <!-- Test 16 -->
