<?xml version="1.0" encoding="UTF-8"?>
<!-- Generated by org.testng.reporters.JUnitXMLReporter -->
<testsuite ignored="0" hostname="CIPLWKT014" failures="1" tests="11" name="Test 5" time="576.425" errors="0" timestamp="2025-01-09T18:34:50 IST">
  <testcase classname="Computhink.Script.ManualWorkflow" name="Login" time="24.99"/>
  <testcase classname="Computhink.Script.ManualWorkflow" name="TC_1_SendDoc" time="154.493"/>
  <testcase classname="Computhink.Script.ManualWorkflow" name="TC_2_refrshAndLogRnishaUser" time="59.451"/>
  <testcase classname="Computhink.Script.ManualWorkflow" name="TC_3_SendAndNewItemsMetaDataAgree" time="24.301"/>
  <testcase classname="Computhink.Script.ManualWorkflow" name="TC_4_Task2UserVidyaAccept" time="47.009">
    <skipped/>
  </testcase> <!-- TC_4_Task2UserVidyaAccept -->
  <testcase classname="Computhink.Script.ManualWorkflow" name="TC_4_Task2UserVidyaAccept" time="46.999">
    <skipped/>
  </testcase> <!-- TC_4_Task2UserVidyaAccept -->
  <testcase classname="Computhink.Script.ManualWorkflow" name="TC_4_Task2UserVidyaAccept" time="47.275">
    <skipped/>
  </testcase> <!-- TC_4_Task2UserVidyaAccept -->
  <testcase classname="Computhink.Script.ManualWorkflow" name="TC_4_Task2UserVidyaAccept" time="46.692">
    <failure type="org.openqa.selenium.StaleElementReferenceException" message="stale element reference: stale element not found
  (Session info: chrome=131.0.6778.206)
For documentation on this error, please visit: https://www.seleniumhq.org/exceptions/stale_element_reference.html
Build info: version: &amp;apos;3.141.59&amp;apos;, revision: &amp;apos;e82be7d358&amp;apos;, time: &amp;apos;2018-11-14T08:25:53&amp;apos;
System info: host: &amp;apos;CIPLWKT014&amp;apos;, ip: &amp;apos;10.4.8.14&amp;apos;, os.name: &amp;apos;Windows 10&amp;apos;, os.arch: &amp;apos;amd64&amp;apos;, os.version: &amp;apos;10.0&amp;apos;, java.version: &amp;apos;22.0.2&amp;apos;
Driver info: org.openqa.selenium.chrome.ChromeDriver
Capabilities {acceptInsecureCerts: false, browserName: chrome, browserVersion: 131.0.6778.206, chrome: {chromedriverVersion: 131.0.6778.264 (2d05e315153..., userDataDir: C:\Users\nisha.r\AppData\Lo...}, fedcm:accounts: true, goog:chromeOptions: {debuggerAddress: localhost:59712}, javascriptEnabled: true, networkConnectionEnabled: false, pageLoadStrategy: normal, platform: WINDOWS, platformName: WINDOWS, proxy: Proxy(), setWindowRect: true, strictFileInteractability: false, timeouts: {implicit: 0, pageLoad: 300000, script: 30000}, unhandledPromptBehavior: dismiss and notify, webauthn:extension:credBlob: true, webauthn:extension:largeBlob: true, webauthn:extension:minPinLength: true, webauthn:extension:prf: true, webauthn:virtualAuthenticators: true}
Session ID: 6bffa30af0d66dad47ce88e07746e6fd">
      <![CDATA[org.openqa.selenium.StaleElementReferenceException: stale element reference: stale element not found
  (Session info: chrome=131.0.6778.206)
For documentation on this error, please visit: https://www.seleniumhq.org/exceptions/stale_element_reference.html
Build info: version: '3.141.59', revision: 'e82be7d358', time: '2018-11-14T08:25:53'
System info: host: 'CIPLWKT014', ip: '10.4.8.14', os.name: 'Windows 10', os.arch: 'amd64', os.version: '10.0', java.version: '22.0.2'
Driver info: org.openqa.selenium.chrome.ChromeDriver
Capabilities {acceptInsecureCerts: false, browserName: chrome, browserVersion: 131.0.6778.206, chrome: {chromedriverVersion: 131.0.6778.264 (2d05e315153..., userDataDir: C:\Users\nisha.r\AppData\Lo...}, fedcm:accounts: true, goog:chromeOptions: {debuggerAddress: localhost:59712}, javascriptEnabled: true, networkConnectionEnabled: false, pageLoadStrategy: normal, platform: WINDOWS, platformName: WINDOWS, proxy: Proxy(), setWindowRect: true, strictFileInteractability: false, timeouts: {implicit: 0, pageLoad: 300000, script: 30000}, unhandledPromptBehavior: dismiss and notify, webauthn:extension:credBlob: true, webauthn:extension:largeBlob: true, webauthn:extension:minPinLength: true, webauthn:extension:prf: true, webauthn:virtualAuthenticators: true}
Session ID: 6bffa30af0d66dad47ce88e07746e6fd
at org.openqa.selenium.remote.http.W3CHttpResponseCodec.createException(W3CHttpResponseCodec.java:187)
at org.openqa.selenium.remote.http.W3CHttpResponseCodec.decode(W3CHttpResponseCodec.java:122)
at org.openqa.selenium.remote.http.W3CHttpResponseCodec.decode(W3CHttpResponseCodec.java:49)
at org.openqa.selenium.remote.HttpCommandExecutor.execute(HttpCommandExecutor.java:158)
at org.openqa.selenium.remote.service.DriverCommandExecutor.execute(DriverCommandExecutor.java:83)
at org.openqa.selenium.remote.RemoteWebDriver.execute(RemoteWebDriver.java:552)
at org.openqa.selenium.remote.RemoteWebElement.execute(RemoteWebElement.java:285)
at org.openqa.selenium.remote.RemoteWebElement.isEnabled(RemoteWebElement.java:156)
at Computhink.Pom.ToDoListTab.refrshLogVidyaTaskUser(ToDoListTab.java:845)
at Computhink.Script.ManualWorkflow.TC_4_Task2UserVidyaAccept(ManualWorkflow.java:99)
at java.base/java.util.ArrayList.forEach(ArrayList.java:1597)
... Removed 28 stack frames]]>
    </failure>
  </testcase> <!-- TC_4_Task2UserVidyaAccept -->
  <testcase classname="Computhink.Script.ManualWorkflow" name="TC_5_TaskUserVidyaAcceptTheDocument" time="26.706"/>
  <testcase classname="Computhink.Script.ManualWorkflow" name="TC_6_refrshAndLogDNishaC" time="56.262"/>
  <testcase classname="Computhink.Script.ManualWorkflow" name="TC_8_DocEndedFromTask3NishaCUser" time="27.794"/>
</testsuite> <!-- Test 5 -->
