<?xml version="1.0" encoding="UTF-8"?>
<!-- Generated by org.testng.reporters.JUnitXMLReporter -->
<testsuite ignored="0" hostname="CIPLWKT014" failures="0" tests="4" name="Test 13" time="176.518" errors="0" timestamp="2025-01-09T15:21:28 IST">
  <testcase classname="Computhink.Script.SecureLink_Negative_Scenerio" name="TC_1_SecureLinkInvalidRecepient_Mail_ID_ValidConfirm_Mail" time="95.107"/>
  <testcase classname="Computhink.Script.SecureLink_Negative_Scenerio" name="TC_2_SendToSecureLinkwithout_Email_ID_BlankTest" time="18.494"/>
  <testcase classname="Computhink.Script.SecureLink_Negative_Scenerio" name="TC_3_SecLinkReceipientDailogBoxInvalid_Email_ID" time="38.428"/>
  <testcase classname="Computhink.Script.SecureLink_Negative_Scenerio" name="TC_4_SecLinkReceipientMailBlank" time="24.48"/>
</testsuite> <!-- Test 13 -->
