<?xml version="1.0" encoding="UTF-8"?>
<!-- Generated by org.testng.reporters.JUnitXMLReporter -->
<testsuite ignored="0" hostname="CIPLWKT014" failures="0" tests="24" name="Test3" time="861.039" errors="0" timestamp="2025-01-09T18:25:14 IST">
  <testcase classname="Computhink.Script.SearchSelectDocumentLocation" name="A_BlankSearch" time="16.829"/>
  <testcase classname="Computhink.Script.SearchSelectDocumentLocation" name="B_ExactSearchInIndexWithLoadMoreCount" time="84.063"/>
  <testcase classname="Computhink.Script.SearchSelectDocumentLocation" name="C_ExactSearchInIndex" time="29.51"/>
  <testcase classname="Computhink.Script.SearchSelectDocumentLocation" name="D_AtLeastOneWordSeachIndex" time="14.918"/>
  <testcase classname="Computhink.Script.SearchSelectDocumentLocation" name="E_AllOfTheWordSearchIndex" time="42.431"/>
  <testcase classname="Computhink.Script.SearchSelectDocumentLocation" name="G_FolderLevelSearch" time="44.956"/>
  <testcase classname="Computhink.Script.SearchSelectDocumentLocation" name="H_DrawerLevelSearch" time="36.222"/>
  <testcase classname="Computhink.Script.SearchSelectDocumentLocation" name="I_CabinetLevel" time="36.59"/>
  <testcase classname="Computhink.Script.SearchSelectDocumentLocation" name="J_DocumentDropDown" time="18.597"/>
  <testcase classname="Computhink.Script.SearchSelectDocumentLocation" name="K_DocumentCreatorDropDown" time="23.261"/>
  <testcase classname="Computhink.Script.SearchSelectDocumentLocation" name="L_Reject_WF" time="22.608"/>
  <testcase classname="Computhink.Script.SearchSelectDocumentLocation" name="M_PendingWorkflow" time="27.577"/>
  <testcase classname="Computhink.Script.SearchSelectDocumentLocation" name="N_CompletedWF_Document" time="48.819"/>
  <testcase classname="Computhink.Script.SearchSelectDocumentLocation" name="O_TaskCompletedWFDocumentt" time="23.647"/>
  <testcase classname="Computhink.Script.SearchSelectDocumentLocation" name="N_TextSearchWithSQLData" time="37.646"/>
  <testcase classname="Computhink.Script.SearchSelectDocumentLocation" name="O_TextSearchWithAllOftheWords" time="39.07"/>
  <testcase classname="Computhink.Script.SearchSelectDocumentLocation" name="P_TextSearchWithAtpartOftheWord" time="41.628"/>
  <testcase classname="Computhink.Script.SearchSelectDocumentLocation" name="AppendToHit" time="29.828"/>
  <testcase classname="Computhink.Script.SearchSelectDocumentLocation" name="Find_In_Hit_List" time="59.849"/>
  <testcase classname="Computhink.Script.SearchSelectDocumentLocation" name="All_Version" time="65.478"/>
  <testcase classname="Computhink.Script.SearchSelectDocumentLocation" name="Q_FolderSerchIcon" time="18.93"/>
  <testcase classname="Computhink.Script.SearchSelectDocumentLocation" name="R_QuickSearch" time="20.54"/>
  <testcase classname="Computhink.Script.SearchSelectDocumentLocation" name="S_DocumentSearch" time="60.888"/>
  <testcase classname="Computhink.Script.SearchSelectDocumentLocation" name="CreateAndModifyDate" time="17.111"/>
</testsuite> <!-- Test3 -->
