<?xml version="1.0" encoding="UTF-8"?>
<!-- Generated by org.testng.reporters.JUnitXMLReporter -->
<testsuite ignored="0" hostname="CIPLWKT014" failures="0" tests="2" name="Test9" time="175.82" errors="0" timestamp="2025-01-06T19:03:08 IST">
  <testcase classname="Computhink.Script.Split_Merge_Documents" name="Create_Documents" time="114.453"/>
  <testcase classname="Computhink.Script.Split_Merge_Documents" name="TC_02_Select_PdfPage_And_Verify_SplitAll" time="61.361"/>
</testsuite> <!-- Test9 -->
