<?xml version="1.0" encoding="UTF-8"?>
<!-- Generated by org.testng.reporters.JUnitXMLReporter -->
<testsuite ignored="0" hostname="CIPLWKT014" failures="0" tests="2" name="Test21" time="227.033" errors="0" timestamp="2025-01-09T16:05:29 IST">
  <testcase classname="Computhink.Script.RoomContextMenu_CopyPaste" name="Login" time="27.322"/>
  <testcase classname="Computhink.Script.RoomContextMenu_CopyPaste" name="RoomContextMenu_CopyAndPasteDrawerLevel" time="186.76"/>
</testsuite> <!-- Test21 -->
