<?xml version="1.0" encoding="UTF-8"?>
<!-- Generated by org.testng.reporters.JUnitXMLReporter -->
<testsuite ignored="0" hostname="CIPLWKT014" failures="0" tests="4" name="Test1" time="10660.582" errors="0" timestamp="2025-01-07T16:17:39 IST">
  <testcase classname="Computhink.Script.AnnotationFunctionality" name="Login" time="10641.737"/>
  <testcase classname="Computhink.Script.AnnotationFunctionality" name="TC_A_DefaultView" time="0.584">
    <skipped/>
  </testcase> <!-- TC_A_DefaultView -->
  <testcase classname="Computhink.Script.AnnotationFunctionality" name="TC_A_DefaultView" time="0.018">
    <skipped/>
  </testcase> <!-- TC_A_DefaultView -->
  <testcase classname="Computhink.Script.AnnotationFunctionality" name="TC_A_DefaultView" time="0.017">
    <skipped/>
  </testcase> <!-- TC_A_DefaultView -->
</testsuite> <!-- Test1 -->
