<?xml version="1.0" encoding="UTF-8"?>
<!-- Generated by org.testng.reporters.JUnitXMLReporter -->
<testsuite ignored="0" hostname="CIPLWKT014" failures="0" tests="2" name="Test13" time="213.783" errors="0" timestamp="2025-01-06T20:14:27 IST">
  <testcase classname="Computhink.Script.My_Preferences_Annotation" name="TC_01_Verify_Maximum_Annotation" time="102.77"/>
  <testcase classname="Computhink.Script.My_Preferences_Annotation" name="TC_02_Verify_set_Annotation1" time="111.009"/>
</testsuite> <!-- Test13 -->
