<?xml version="1.0" encoding="UTF-8"?>
<!-- Generated by org.testng.reporters.JUnitXMLReporter -->
<testsuite ignored="0" hostname="CIPLWKT014" failures="0" tests="6" name="Test19" time="1081.894" errors="0" timestamp="2025-01-09T15:53:32 IST">
  <testcase classname="Computhink.Script.RegisterStamp__Advanced_Viewing" name="Login" time="25.331"/>
  <testcase classname="Computhink.Script.RegisterStamp__Advanced_Viewing" name="TC_A_Advanced_View" time="9.903"/>
  <testcase classname="Computhink.Script.RegisterStamp__Advanced_Viewing" name="TestCase_2_Add_Stamp_SignHere" time="189.745"/>
  <testcase classname="Computhink.Script.RegisterStamp__Advanced_Viewing" name="TestCase_3_Dynamic_Stamp" time="214.42"/>
  <testcase classname="Computhink.Script.RegisterStamp__Advanced_Viewing" name="TestCase_4_Standard_Stamp" time="334.857"/>
  <testcase classname="Computhink.Script.RegisterStamp__Advanced_Viewing" name="TestCase_5_Custom_Stamp" time="294.48"/>
</testsuite> <!-- Test19 -->
