<?xml version="1.0" encoding="UTF-8"?>
<!-- Generated by org.testng.reporters.JUnitXMLReporter -->
<testsuite ignored="0" hostname="CIPLWKT014" failures="1" tests="19" name="Test10" time="1876.756" errors="0" timestamp="2025-01-06T19:34:24 IST">
  <testcase classname="Computhink.Script.DocumentContextMenu_Function" name="Create_PDF_Documents" time="86.891"/>
  <testcase classname="Computhink.Script.DocumentContextMenu_Function" name="Create_PDF_Documents" time="87.144"/>
  <testcase classname="Computhink.Script.DocumentContextMenu_Function" name="TC_01_Verify_TakeOwnership_ReleaseOwnership_OnDocuments" time="214.515">
    <skipped/>
  </testcase> <!-- TC_01_Verify_TakeOwnership_ReleaseOwnership_OnDocuments -->
  <testcase classname="Computhink.Script.DocumentContextMenu_Function" name="TC_01_Verify_TakeOwnership_ReleaseOwnership_OnDocuments" time="170.438">
    <skipped/>
  </testcase> <!-- TC_01_Verify_TakeOwnership_ReleaseOwnership_OnDocuments -->
  <testcase classname="Computhink.Script.DocumentContextMenu_Function" name="TC_01_Verify_TakeOwnership_ReleaseOwnership_OnDocuments" time="184.295">
    <skipped/>
  </testcase> <!-- TC_01_Verify_TakeOwnership_ReleaseOwnership_OnDocuments -->
  <testcase classname="Computhink.Script.DocumentContextMenu_Function" name="TC_01_Verify_TakeOwnership_ReleaseOwnership_OnDocuments" time="171.038">
    <failure type="org.openqa.selenium.UnhandledAlertException" message="unexpected alert open: {Alert text : LEADTOOLS 21 License Notice

Warning: License file is not verified to work in this domain.

This application is using a LEADTOOLS temporary evaluation license.
In order to legally deploy the application in production, the developer must first obtain a Production Deployment License.
If you believe you are getting this message in error, contact LEAD Technologies, Inc. at licensing@leadtools.com (+1-704-332-5532).
Without a valid Production Deployment License, this application will cease functioning in the near future.
}
  (Session info: chrome=131.0.6778.205): LEADTOOLS 21 License Notice

Warning: License file is not verified to work in this domain.

This application is using a LEADTOOLS temporary evaluation license.
In order to legally deploy the application in production, the developer must first obtain a Production Deployment License.
If you believe you are getting this message in error, contact LEAD Technologies, Inc. at licensing@leadtools.com (+1-704-332-5532).
Without a valid Production Deployment License, this application will cease functioning in the near future.

Build info: version: &amp;apos;3.141.59&amp;apos;, revision: &amp;apos;e82be7d358&amp;apos;, time: &amp;apos;2018-11-14T08:25:53&amp;apos;
System info: host: &amp;apos;CIPLWKT014&amp;apos;, ip: &amp;apos;10.4.8.14&amp;apos;, os.name: &amp;apos;Windows 10&amp;apos;, os.arch: &amp;apos;amd64&amp;apos;, os.version: &amp;apos;10.0&amp;apos;, java.version: &amp;apos;17.0.12&amp;apos;
Driver info: org.openqa.selenium.chrome.ChromeDriver
Capabilities {acceptInsecureCerts: false, browserName: chrome, browserVersion: 131.0.6778.205, chrome: {chromedriverVersion: 131.0.6778.204 (52183f9e99a..., userDataDir: C:\Users\nisha.r\AppData\Lo...}, fedcm:accounts: true, goog:chromeOptions: {debuggerAddress: localhost:55904}, javascriptEnabled: true, networkConnectionEnabled: false, pageLoadStrategy: normal, platform: WINDOWS, platformName: WINDOWS, proxy: Proxy(), setWindowRect: true, strictFileInteractability: false, timeouts: {implicit: 0, pageLoad: 300000, script: 30000}, unhandledPromptBehavior: dismiss and notify, webauthn:extension:credBlob: true, webauthn:extension:largeBlob: true, webauthn:extension:minPinLength: true, webauthn:extension:prf: true, webauthn:virtualAuthenticators: true}
Session ID: 326f5e112b463db245f5232d9244f69c
*** Element info: {Using=xpath, value=//*[@id=&amp;quot;docOwnerName&amp;quot;]}">
      <![CDATA[org.openqa.selenium.UnhandledAlertException: unexpected alert open: {Alert text : LEADTOOLS 21 License Notice

Warning: License file is not verified to work in this domain.

This application is using a LEADTOOLS temporary evaluation license.
In order to legally deploy the application in production, the developer must first obtain a Production Deployment License.
If you believe you are getting this message in error, contact LEAD Technologies, Inc. at licensing@leadtools.com (+1-704-332-5532).
Without a valid Production Deployment License, this application will cease functioning in the near future.
}
  (Session info: chrome=131.0.6778.205): LEADTOOLS 21 License Notice

Warning: License file is not verified to work in this domain.

This application is using a LEADTOOLS temporary evaluation license.
In order to legally deploy the application in production, the developer must first obtain a Production Deployment License.
If you believe you are getting this message in error, contact LEAD Technologies, Inc. at licensing@leadtools.com (+1-704-332-5532).
Without a valid Production Deployment License, this application will cease functioning in the near future.

Build info: version: '3.141.59', revision: 'e82be7d358', time: '2018-11-14T08:25:53'
System info: host: 'CIPLWKT014', ip: '10.4.8.14', os.name: 'Windows 10', os.arch: 'amd64', os.version: '10.0', java.version: '17.0.12'
Driver info: org.openqa.selenium.chrome.ChromeDriver
Capabilities {acceptInsecureCerts: false, browserName: chrome, browserVersion: 131.0.6778.205, chrome: {chromedriverVersion: 131.0.6778.204 (52183f9e99a..., userDataDir: C:\Users\nisha.r\AppData\Lo...}, fedcm:accounts: true, goog:chromeOptions: {debuggerAddress: localhost:55904}, javascriptEnabled: true, networkConnectionEnabled: false, pageLoadStrategy: normal, platform: WINDOWS, platformName: WINDOWS, proxy: Proxy(), setWindowRect: true, strictFileInteractability: false, timeouts: {implicit: 0, pageLoad: 300000, script: 30000}, unhandledPromptBehavior: dismiss and notify, webauthn:extension:credBlob: true, webauthn:extension:largeBlob: true, webauthn:extension:minPinLength: true, webauthn:extension:prf: true, webauthn:virtualAuthenticators: true}
Session ID: 326f5e112b463db245f5232d9244f69c
*** Element info: {Using=xpath, value=//*[@id="docOwnerName"]}
at org.openqa.selenium.remote.http.W3CHttpResponseCodec.decode(W3CHttpResponseCodec.java:120)
at org.openqa.selenium.remote.http.W3CHttpResponseCodec.decode(W3CHttpResponseCodec.java:49)
at org.openqa.selenium.remote.HttpCommandExecutor.execute(HttpCommandExecutor.java:158)
at org.openqa.selenium.remote.service.DriverCommandExecutor.execute(DriverCommandExecutor.java:83)
at org.openqa.selenium.remote.RemoteWebDriver.execute(RemoteWebDriver.java:552)
at org.openqa.selenium.remote.RemoteWebDriver.findElement(RemoteWebDriver.java:323)
at org.openqa.selenium.remote.RemoteWebDriver.findElementByXPath(RemoteWebDriver.java:428)
at org.openqa.selenium.By$ByXPath.findElement(By.java:353)
at org.openqa.selenium.remote.RemoteWebDriver.findElement(RemoteWebDriver.java:315)
at org.openqa.selenium.support.pagefactory.DefaultElementLocator.findElement(DefaultElementLocator.java:69)
at org.openqa.selenium.support.pagefactory.internal.LocatingElementHandler.invoke(LocatingElementHandler.java:38)
at jdk.proxy2/jdk.proxy2.$Proxy26.getText(Unknown Source)
at Computhink.Pom.Documents_ContextMenu.getVerify_Ownership_Message(Documents_ContextMenu.java:442)
at Computhink.Pom.Documents_ContextMenu.Verify_TakeOwnership_ReleaseOwnership_OnDocuments(Documents_ContextMenu.java:1321)
at Computhink.Script.DocumentContextMenu_Function.TC_01_Verify_TakeOwnership_ReleaseOwnership_OnDocuments(DocumentContextMenu_Function.java:40)
at java.base/java.util.ArrayList.forEach(ArrayList.java:1511)
... Removed 27 stack frames]]>
    </failure>
  </testcase> <!-- TC_01_Verify_TakeOwnership_ReleaseOwnership_OnDocuments -->
  <testcase classname="Computhink.Script.DocumentContextMenu_Function" name="TC_02_Verify_Refresh_Option" time="45.913"/>
  <testcase classname="Computhink.Script.DocumentContextMenu_Function" name="TC_03_Verify_Categories_Option" time="23.26"/>
  <testcase classname="Computhink.Script.DocumentContextMenu_Function" name="TC_04_Verify_copy_and_paste_Option" time="51.982"/>
  <testcase classname="Computhink.Script.DocumentContextMenu_Function" name="TC_05_Verify_cut_and_paste_Option" time="45.622"/>
  <testcase classname="Computhink.Script.DocumentContextMenu_Function" name="TC_06_Verify_Delete_Option" time="33.113"/>
  <testcase classname="Computhink.Script.DocumentContextMenu_Function" name="TC_07_Verify_CreateFavorites_Document" time="82.4"/>
  <testcase classname="Computhink.Script.DocumentContextMenu_Function" name="TC_08_Verify_SendTo_Mail_as_References" time="101.765"/>
  <testcase classname="Computhink.Script.DocumentContextMenu_Function" name="TC_9_Verify_SendTo_Mail_ascopy" time="93.582"/>
  <testcase classname="Computhink.Script.DocumentContextMenu_Function" name="TC_10_Verify_SendTo_Print" time="51.654"/>
  <testcase classname="Computhink.Script.DocumentContextMenu_Function" name="TC_11_Verify_SendTo_Export" time="152.595"/>
  <testcase classname="Computhink.Script.DocumentContextMenu_Function" name="TC_12_Verify_SendTo_GenerateDocumentLink" time="61.895"/>
  <testcase classname="Computhink.Script.DocumentContextMenu_Function" name="TC_13_Verify_SendTo_SecureLink" time="96.909">
    <skipped/>
  </testcase> <!-- TC_13_Verify_SendTo_SecureLink -->
  <testcase classname="Computhink.Script.DocumentContextMenu_Function" name="TC_13_Verify_SendTo_SecureLink" time="121.401"/>
</testsuite> <!-- Test10 -->
