<?xml version="1.0" encoding="UTF-8"?>
<!-- Generated by org.testng.reporters.JUnitXMLReporter -->
<testsuite ignored="0" hostname="CIPLWKT014" failures="0" tests="9" name="Test 10" time="439.309" errors="0" timestamp="2025-01-09T18:44:06 IST">
  <testcase classname="Computhink.Script.DashBoardScript" name="Login" time="24.765"/>
  <testcase classname="Computhink.Script.DashBoardScript" name="TC_1_SearchIconDashBoardFunctionality" time="23.165"/>
  <testcase classname="Computhink.Script.DashBoardScript" name="TC_2_NotifiactionIconDashBoardFunctionality" time="13.764"/>
  <testcase classname="Computhink.Script.DashBoardScript" name="TodoListWFDetailsDashBoardFunctionality" time="66.173"/>
  <testcase classname="Computhink.Script.DashBoardScript" name="TC_4_CreateNewDocumentFromDB" time="20.569"/>
  <testcase classname="Computhink.Script.DashBoardScript" name="TC_5_Contentverse_Document_Report" time="102.31"/>
  <testcase classname="Computhink.Script.DashBoardScript" name="TC_6_Contentverse_WrokflowStatus_Report" time="63.587"/>
  <testcase classname="Computhink.Script.DashBoardScript" name="TC_7_Contentverse_RejectDocumentInWFReport_Report" time="102.105"/>
  <testcase classname="Computhink.Script.DashBoardScript" name="TC_8_logoutFromDB" time="9.745"/>
</testsuite> <!-- Test 10 -->
